0 info it worked if it ends with ok
1 verbose cli [ 'C:\\Program Files\\nodejs\\\\node.exe',
1 verbose cli   'C:\\Program Files\\nodejs\\node_modules\\npm\\bin\\npm-cli.js',
1 verbose cli   'publish',
1 verbose cli   './' ]
2 info using npm@1.4.28
3 info using node@v0.10.33
4 verbose node symlink C:\Program Files\nodejs\\node.exe
5 verbose publish [ './' ]
6 verbose cache add [ './', null ]
7 verbose cache add name=undefined spec="./" args=["./",null]
8 verbose parsed url { protocol: null,
8 verbose parsed url   slashes: null,
8 verbose parsed url   auth: null,
8 verbose parsed url   host: null,
8 verbose parsed url   port: null,
8 verbose parsed url   hostname: null,
8 verbose parsed url   hash: null,
8 verbose parsed url   search: null,
8 verbose parsed url   query: null,
8 verbose parsed url   pathname: './',
8 verbose parsed url   path: './',
8 verbose parsed url   href: './' }
9 silly lockFile 0ee6c175- ./
10 verbose lock ./ C:\Users\colombo3000\AppData\Roaming\npm-cache\0ee6c175-.lock
11 verbose tar pack [ 'C:\\Users\\colombo3000\\AppData\\Roaming\\npm-cache\\generator-easy-project\\0.0.18\\package.tgz',
11 verbose tar pack   './' ]
12 verbose tarball C:\Users\colombo3000\AppData\Roaming\npm-cache\generator-easy-project\0.0.18\package.tgz
13 verbose folder ./
14 info prepublish generator-easy-project@0.0.18
15 silly lockFile 04cb2bca-tar tar://./
16 verbose lock tar://./ C:\Users\colombo3000\AppData\Roaming\npm-cache\04cb2bca-tar.lock
17 silly lockFile ea8984a3--easy-project-0-0-18-package-tgz tar://C:\Users\colombo3000\AppData\Roaming\npm-cache\generator-easy-project\0.0.18\package.tgz
18 verbose lock tar://C:\Users\colombo3000\AppData\Roaming\npm-cache\generator-easy-project\0.0.18\package.tgz C:\Users\colombo3000\AppData\Roaming\npm-cache\ea8984a3--easy-project-0-0-18-package-tgz.lock
19 silly lockFile 04cb2bca-tar tar://./
20 silly lockFile 04cb2bca-tar tar://./
21 silly lockFile ea8984a3--easy-project-0-0-18-package-tgz tar://C:\Users\colombo3000\AppData\Roaming\npm-cache\generator-easy-project\0.0.18\package.tgz
22 silly lockFile ea8984a3--easy-project-0-0-18-package-tgz tar://C:\Users\colombo3000\AppData\Roaming\npm-cache\generator-easy-project\0.0.18\package.tgz
23 silly lockFile 1bdea254-ator-easy-project-0-0-18-package C:\Users\colombo3000\AppData\Roaming\npm-cache\generator-easy-project\0.0.18\package
24 verbose lock C:\Users\colombo3000\AppData\Roaming\npm-cache\generator-easy-project\0.0.18\package C:\Users\colombo3000\AppData\Roaming\npm-cache\1bdea254-ator-easy-project-0-0-18-package.lock
25 silly lockFile 1bdea254-ator-easy-project-0-0-18-package C:\Users\colombo3000\AppData\Roaming\npm-cache\generator-easy-project\0.0.18\package
26 silly lockFile 1bdea254-ator-easy-project-0-0-18-package C:\Users\colombo3000\AppData\Roaming\npm-cache\generator-easy-project\0.0.18\package
27 silly lockFile 0ee6c175- ./
28 silly lockFile 0ee6c175- ./
29 silly publish { name: 'generator-easy-project',
29 silly publish   version: '0.0.18',
29 silly publish   description: 'Yeoman generator',
29 silly publish   license: 'MIT',
29 silly publish   main: 'app/index.js',
29 silly publish   repository:
29 silly publish    { type: 'git',
29 silly publish      url: 'https://github.com/filippodlc/generator-easy-project' },
29 silly publish   author: { name: 'Filippo Dolci', url: 'https://github.com/filippodlc' },
29 silly publish   engines: { node: '>=0.10.0' },
29 silly publish   files: [ 'app' ],
29 silly publish   scripts: { test: 'echo "Error: no test specified" && exit 1' },
29 silly publish   keywords:
29 silly publish    [ 'yeoman-generator',
29 silly publish      'web',
29 silly publish      'front-end',
29 silly publish      'h5bp',
29 silly publish      'modernizr',
29 silly publish      'jquery',
29 silly publish      'grunt' ],
29 silly publish   dependencies: { 'yeoman-generator': '~0.16.0', chalk: '~0.4.0' },
29 silly publish   peerDependencies: { yo: '>=1.0.0' },
29 silly publish   devDependencies: { mocha: '*' },
29 silly publish   bugs: { url: 'https://github.com/filippodlc/generator-easy-project/issues' },
29 silly publish   homepage: 'https://github.com/filippodlc/generator-easy-project',
29 silly publish   readme: '# generator-easy-project\r\n\r\nThe Easy project generator is a very simple Yeoman project generator that forgoes having a lot of the additional structure that comes with a lot of Yeoman generators and simply builds you a very basic project setup.\r\n\r\n## Getting Started\r\n\r\n### What is Yeoman?\r\n\r\n> [Yeoman](http://yeoman.io) generator\r\n\r\nTrick question. It\'s not a thing. It\'s this guy:\r\n\r\n![](http://i.imgur.com/JHaAlBJ.png)\r\n\r\nBasically, he wears a top hat, lives in your computer, and waits for you to tell him what kind of application you wish to create.\r\n\r\nNot every new computer comes with a Yeoman pre-installed. He lives in the [npm](https://npmjs.org) package repository. You only have to ask for him once, then he packs up and moves into your hard drive. *Make sure you clean up, he likes new and shiny things.*\r\n\r\n```\r\n$ npm install -g yo\r\n```\r\n\r\n### Yeoman Generatorss\r\n\r\nYeoman travels light. He didn\'t pack any generators when he moved in. You can think of a generator like a plug-in. You get to choose what type of application you wish to create, such as a Backbone application or even a Chrome extension.\r\n\r\nTo install generator-easy-project from npm, run:\r\n\r\n```\r\n$ npm install -g generator-easy-project\r\n```\r\n\r\nFinally, initiate the generator:\r\n\r\n```\r\n$ yo easy-project\r\n```\r\n\r\n## License\r\n\r\nMIT\r\n',
29 silly publish   readmeFilename: 'README.md',
29 silly publish   gitHead: 'fe1a6225e4f56232998414adecc612134c73e9a9',
29 silly publish   _id: 'generator-easy-project@0.0.18',
29 silly publish   _shasum: '3c50709a05791e7461732384b2f687235ec5e579',
29 silly publish   _from: './' }
30 verbose request where is /generator-easy-project
31 verbose request registry https://registry.npmjs.org/
32 verbose request id 3b33a425e5ab811e
33 verbose url raw /generator-easy-project
34 verbose url resolving [ 'https://registry.npmjs.org/', './generator-easy-project' ]
35 verbose url resolved https://registry.npmjs.org/generator-easy-project
36 verbose request where is https://registry.npmjs.org/generator-easy-project
37 info trying registry request attempt 1 at 12:59:28
38 http PUT https://registry.npmjs.org/generator-easy-project
39 http 403 https://registry.npmjs.org/generator-easy-project
40 verbose headers { date: 'Tue, 23 Dec 2014 11:59:31 GMT',
40 verbose headers   server: 'CouchDB/1.5.0 (Erlang OTP/R16B03)',
40 verbose headers   'content-type': 'application/json',
40 verbose headers   'cache-control': 'max-age=60',
40 verbose headers   'content-length': '4708',
40 verbose headers   'accept-ranges': 'bytes',
40 verbose headers   via: '1.1 varnish',
40 verbose headers   'x-served-by': 'cache-fra1228-FRA',
40 verbose headers   'x-cache': 'MISS',
40 verbose headers   'x-cache-hits': '0',
40 verbose headers   'x-timer': 'S1419335970.448359,VS0,VE672',
40 verbose headers   'keep-alive': 'timeout=10, max=50',
40 verbose headers   connection: 'Keep-Alive' }
41 error publish Failed PUT 403
42 error Error: forbidden cannot modify pre-existing version: 0.0.18
42 error old={"name":"generator-easy-project","version":"0.0.18","description":"Yeoman generator","license":"MIT","main":"app/index.js","repository":{"type":"git","url":"https://github.com/filippodlc/generator-easy-project"},"author":{"name":"Filippo Dolci","url":"https://github.com/filippodlc"},"engines":{"node":">=0.10.0"},"files":["app"],"scripts":{"test":"echo \"Error: no test specified\" && exit 1"},"keywords":["yeoman-generator","web","front-end","h5bp","modernizr","jquery","grunt"],"dependencies":{"yeoman-generator":"~0.16.0","chalk":"~0.4.0"},"peerDependencies":{"yo":">=1.0.0"},"devDependencies":{"mocha":"*"},"bugs":{"url":"https://github.com/filippodlc/generator-easy-project/issues"},"homepage":"https://github.com/filippodlc/generator-easy-project","gitHead":"fe1a6225e4f56232998414adecc612134c73e9a9","_id":"generator-easy-project@0.0.18","_shasum":"993fefd1c6db79644c1ee73986906d4c898c5f56","_from":"./","_npmVersion":"1.4.28","_npmUser":{"name":"filippodlc","email":"filippodlc@gmail.com"},"maintainers":[{"name":"filippodlc","email":"filippodlc@gmail.com"}],"dist":{"shasum":"993fefd1c6db79644c1ee73986906d4c898c5f56","tarball":"http://registry.npmjs.org/generator-easy-project/-/generator-easy-project-0.0.18.tgz"}}
42 error new={"name":"generator-easy-project","version":"0.0.18","description":"Yeoman generator","license":"MIT","main":"app/index.js","repository":{"type":"git","url":"https://github.com/filippodlc/generator-easy-project"},"author":{"name":"Filippo Dolci","url":"https://github.com/filippodlc"},"engines":{"node":">=0.10.0"},"files":["app"],"scripts":{"test":"echo \"Error: no test specified\" && exit 1"},"keywords":["yeoman-generator","web","front-end","h5bp","modernizr","jquery","grunt"],"dependencies":{"yeoman-generator":"~0.16.0","chalk":"~0.4.0"},"peerDependencies":{"yo":">=1.0.0"},"devDependencies":{"mocha":"*"},"bugs":{"url":"https://github.com/filippodlc/generator-easy-project/issues"},"homepage":"https://github.com/filippodlc/generator-easy-project","readme":"# generator-easy-project\u000d\u000a\u000d\u000aThe Easy project generator is a very simple Yeoman project generator that forgoes having a lot of the additional structure that comes with a lot of Yeoman generators and simply builds you a very basic project setup.\u000d\u000a\u000d\u000a## Getting Started\u000d\u000a\u000d\u000a### What is Yeoman?\u000d\u000a\u000d\u000a> [Yeoman](http://yeoman.io) generator\u000d\u000a\u000d\u000aTrick question. It's not a thing. It's this guy:\u000d\u000a\u000d\u000a![](http://i.imgur.com/JHaAlBJ.png)\u000d\u000a\u000d\u000aBasically, he wears a top hat, lives in your computer, and waits for you to tell him what kind of application you wish to create.\u000d\u000a\u000d\u000aNot every new computer comes with a Yeoman pre-installed. He lives in the [npm](https://npmjs.org) package repository. You only have to ask for him once, then he packs up and moves into your hard drive. *Make sure you clean up, he likes new and shiny things.*\u000d\u000a\u000d\u000a```\u000d\u000a$ npm install -g yo\u000d\u000a```\u000d\u000a\u000d\u000a### Yeoman Generatorss\u000d\u000a\u000d\u000aYeoman travels light. He didn't pack any generators when he moved in. You can think of a generator like a plug-in. You get to choose what type of application you wish to create, such as a Backbone application or even a Chrome extension.\u000d\u000a\u000d\u000aTo install generator-easy-project from npm, run:\u000d\u000a\u000d\u000a```\u000d\u000a$ npm install -g generator-easy-project\u000d\u000a```\u000d\u000a\u000d\u000aFinally, initiate the generator:\u000d\u000a\u000d\u000a```\u000d\u000a$ yo easy-project\u000d\u000a```\u000d\u000a\u000d\u000a## License\u000d\u000a\u000d\u000aMIT\u000d\u000a","readmeFilename":"README.md","gitHead":"fe1a6225e4f56232998414adecc612134c73e9a9","_id":"generator-easy-project@0.0.18","_shasum":"3c50709a05791e7461732384b2f687235ec5e579","_from":"./","_npmVersion":"1.4.28","_npmUser":{"name":"filippodlc","email":"filippodlc@gmail.com"},"maintainers":[{"name":"filippodlc","email":"filippodlc@gmail.com"}],"dist":{"shasum":"3c50709a05791e7461732384b2f687235ec5e579","tarball":"http://registry.npmjs.org/generator-easy-project/-/generator-easy-project-0.0.18.tgz"}}: generator-easy-project
42 error     at RegClient.<anonymous> (C:\Program Files\nodejs\node_modules\npm\node_modules\npm-registry-client\lib\request.js:308:14)
42 error     at Request._callback (C:\Program Files\nodejs\node_modules\npm\node_modules\npm-registry-client\lib\request.js:246:65)
42 error     at Request.self.callback (C:\Program Files\nodejs\node_modules\npm\node_modules\request\request.js:236:22)
42 error     at Request.emit (events.js:98:17)
42 error     at Request.<anonymous> (C:\Program Files\nodejs\node_modules\npm\node_modules\request\request.js:1142:14)
42 error     at Request.emit (events.js:117:20)
42 error     at IncomingMessage.<anonymous> (C:\Program Files\nodejs\node_modules\npm\node_modules\request\request.js:1096:12)
42 error     at IncomingMessage.emit (events.js:117:20)
42 error     at _stream_readable.js:943:16
42 error     at process._tickCallback (node.js:419:13)
43 error If you need help, you may report this *entire* log,
43 error including the npm and node versions, at:
43 error     <http://github.com/npm/npm/issues>
44 error System Windows_NT 6.1.7601
45 error command "C:\\Program Files\\nodejs\\\\node.exe" "C:\\Program Files\\nodejs\\node_modules\\npm\\bin\\npm-cli.js" "publish" "./"
46 error cwd C:\Users\colombo3000\Desktop\generator-easy-project-master
47 error node -v v0.10.33
48 error npm -v 1.4.28
49 verbose exit [ 1, true ]
